This file contains any messages produced by compilers while
running configure, to aid debugging if configure makes a mistake.

It was created by IRIS configure 1.0.0, which was
generated by GNU Autoconf 2.69.  Invocation command line was

  $ ./configure 

## --------- ##
## Platform. ##
## --------- ##

hostname = rina-teste1
uname -m = x86_64
uname -r = 3.15.0
uname -s = Linux
uname -v = #1 SMP Sat Jun 6 21:10:38 BRT 2015

/usr/bin/uname -p = unknown
/bin/uname -X     = unknown

/bin/arch              = unknown
/usr/bin/arch -k       = unknown
/usr/convex/getsysinfo = unknown
/usr/bin/hostinfo      = unknown
/bin/machine           = unknown
/usr/bin/oslevel       = unknown
/bin/universe          = unknown

PATH: /usr/local/bin
PATH: /usr/bin
PATH: /bin
PATH: /usr/local/games
PATH: /usr/games


## ----------- ##
## Core tests. ##
## ----------- ##

configure:2547: checking for a BSD-compatible install
configure:2615: result: /usr/bin/install -c
configure:2626: checking whether build environment is sane
configure:2681: result: yes
configure:2719: WARNING: 'missing' script is too old or missing
configure:2832: checking for a thread-safe mkdir -p
configure:2871: result: /bin/mkdir -p
configure:2878: checking for gawk
configure:2908: result: no
configure:2878: checking for mawk
configure:2894: found /usr/bin/mawk
configure:2905: result: mawk
configure:2916: checking whether make sets $(MAKE)
configure:2938: result: yes
configure:2967: checking whether make supports nested variables
configure:2984: result: yes
configure:3238: checking for g++
configure:3254: found /usr/bin/g++
configure:3265: result: g++
configure:3292: checking for C++ compiler version
configure:3301: g++ --version >&5
g++ (Debian 4.9.2-10) 4.9.2
Copyright (C) 2014 Free Software Foundation, Inc.
This is free software; see the source for copying conditions.  There is NO
warranty; not even for MERCHANTABILITY or FITNESS FOR A PARTICULAR PURPOSE.

configure:3312: $? = 0
configure:3301: g++ -v >&5
Using built-in specs.
COLLECT_GCC=g++
COLLECT_LTO_WRAPPER=/usr/lib/gcc/x86_64-linux-gnu/4.9/lto-wrapper
Target: x86_64-linux-gnu
Configured with: ../src/configure -v --with-pkgversion='Debian 4.9.2-10' --with-bugurl=file:///usr/share/doc/gcc-4.9/README.Bugs --enable-languages=c,c++,java,go,d,fortran,objc,obj-c++ --prefix=/usr --program-suffix=-4.9 --enable-shared --enable-linker-build-id --libexecdir=/usr/lib --without-included-gettext --enable-threads=posix --with-gxx-include-dir=/usr/include/c++/4.9 --libdir=/usr/lib --enable-nls --with-sysroot=/ --enable-clocale=gnu --enable-libstdcxx-debug --enable-libstdcxx-time=yes --enable-gnu-unique-object --disable-vtable-verify --enable-plugin --with-system-zlib --disable-browser-plugin --enable-java-awt=gtk --enable-gtk-cairo --with-java-home=/usr/lib/jvm/java-1.5.0-gcj-4.9-amd64/jre --enable-java-home --with-jvm-root-dir=/usr/lib/jvm/java-1.5.0-gcj-4.9-amd64 --with-jvm-jar-dir=/usr/lib/jvm-exports/java-1.5.0-gcj-4.9-amd64 --with-arch-directory=amd64 --with-ecj-jar=/usr/share/java/eclipse-ecj.jar --enable-objc-gc --enable-multiarch --with-arch-32=i586 --with-abi=m64 --with-multilib-list=m32,m64,mx32 --enable-multilib --with-tune=generic --enable-checking=release --build=x86_64-linux-gnu --host=x86_64-linux-gnu --target=x86_64-linux-gnu
Thread model: posix
gcc version 4.9.2 (Debian 4.9.2-10) 
configure:3312: $? = 0
configure:3301: g++ -V >&5
g++: error: unrecognized command line option '-V'
g++: fatal error: no input files
compilation terminated.
configure:3312: $? = 4
configure:3301: g++ -qversion >&5
g++: error: unrecognized command line option '-qversion'
g++: fatal error: no input files
compilation terminated.
configure:3312: $? = 4
configure:3332: checking whether the C++ compiler works
configure:3354: g++    conftest.cpp  >&5
configure:3358: $? = 0
configure:3406: result: yes
configure:3409: checking for C++ compiler default output file name
configure:3411: result: a.out
configure:3417: checking for suffix of executables
configure:3424: g++ -o conftest    conftest.cpp  >&5
configure:3428: $? = 0
configure:3450: result: 
configure:3472: checking whether we are cross compiling
configure:3480: g++ -o conftest    conftest.cpp  >&5
configure:3484: $? = 0
configure:3491: ./conftest
configure:3495: $? = 0
configure:3510: result: no
configure:3515: checking for suffix of object files
configure:3537: g++ -c   conftest.cpp >&5
configure:3541: $? = 0
configure:3562: result: o
configure:3566: checking whether we are using the GNU C++ compiler
configure:3585: g++ -c   conftest.cpp >&5
configure:3585: $? = 0
configure:3594: result: yes
configure:3603: checking whether g++ accepts -g
configure:3623: g++ -c -g  conftest.cpp >&5
configure:3623: $? = 0
configure:3664: result: yes
configure:3698: checking for style of include used by make
configure:3726: result: GNU
configure:3752: checking dependency style of g++
configure:3863: result: gcc3
configure:3927: checking for gcc
configure:3943: found /usr/bin/gcc
configure:3954: result: gcc
configure:4183: checking for C compiler version
configure:4192: gcc --version >&5
gcc (Debian 4.9.2-10) 4.9.2
Copyright (C) 2014 Free Software Foundation, Inc.
This is free software; see the source for copying conditions.  There is NO
warranty; not even for MERCHANTABILITY or FITNESS FOR A PARTICULAR PURPOSE.

configure:4203: $? = 0
configure:4192: gcc -v >&5
Using built-in specs.
COLLECT_GCC=gcc
COLLECT_LTO_WRAPPER=/usr/lib/gcc/x86_64-linux-gnu/4.9/lto-wrapper
Target: x86_64-linux-gnu
Configured with: ../src/configure -v --with-pkgversion='Debian 4.9.2-10' --with-bugurl=file:///usr/share/doc/gcc-4.9/README.Bugs --enable-languages=c,c++,java,go,d,fortran,objc,obj-c++ --prefix=/usr --program-suffix=-4.9 --enable-shared --enable-linker-build-id --libexecdir=/usr/lib --without-included-gettext --enable-threads=posix --with-gxx-include-dir=/usr/include/c++/4.9 --libdir=/usr/lib --enable-nls --with-sysroot=/ --enable-clocale=gnu --enable-libstdcxx-debug --enable-libstdcxx-time=yes --enable-gnu-unique-object --disable-vtable-verify --enable-plugin --with-system-zlib --disable-browser-plugin --enable-java-awt=gtk --enable-gtk-cairo --with-java-home=/usr/lib/jvm/java-1.5.0-gcj-4.9-amd64/jre --enable-java-home --with-jvm-root-dir=/usr/lib/jvm/java-1.5.0-gcj-4.9-amd64 --with-jvm-jar-dir=/usr/lib/jvm-exports/java-1.5.0-gcj-4.9-amd64 --with-arch-directory=amd64 --with-ecj-jar=/usr/share/java/eclipse-ecj.jar --enable-objc-gc --enable-multiarch --with-arch-32=i586 --with-abi=m64 --with-multilib-list=m32,m64,mx32 --enable-multilib --with-tune=generic --enable-checking=release --build=x86_64-linux-gnu --host=x86_64-linux-gnu --target=x86_64-linux-gnu
Thread model: posix
gcc version 4.9.2 (Debian 4.9.2-10) 
configure:4203: $? = 0
configure:4192: gcc -V >&5
gcc: error: unrecognized command line option '-V'
gcc: fatal error: no input files
compilation terminated.
configure:4203: $? = 4
configure:4192: gcc -qversion >&5
gcc: error: unrecognized command line option '-qversion'
gcc: fatal error: no input files
compilation terminated.
configure:4203: $? = 4
configure:4207: checking whether we are using the GNU C compiler
configure:4226: gcc -c   conftest.c >&5
configure:4226: $? = 0
configure:4235: result: yes
configure:4244: checking whether gcc accepts -g
configure:4264: gcc -c -g  conftest.c >&5
configure:4264: $? = 0
configure:4305: result: yes
configure:4322: checking for gcc option to accept ISO C89
configure:4385: gcc  -c -g -O2  conftest.c >&5
configure:4385: $? = 0
configure:4398: result: none needed
configure:4423: checking whether gcc understands -c and -o together
configure:4445: gcc -c conftest.c -o conftest2.o
configure:4448: $? = 0
configure:4445: gcc -c conftest.c -o conftest2.o
configure:4448: $? = 0
configure:4460: result: yes
configure:4479: checking dependency style of gcc
configure:4590: result: gcc3
configure:4607: checking for library containing strerror
configure:4638: gcc -o conftest  -O2    conftest.c  >&5
configure:4638: $? = 0
configure:4655: result: none required
configure:4664: checking whether make sets $(MAKE)
configure:4686: result: yes
configure:4738: checking for ranlib
configure:4754: found /usr/bin/ranlib
configure:4765: result: ranlib
configure:4797: checking build system type
configure:4811: result: x86_64-unknown-linux-gnu
configure:4831: checking host system type
configure:4844: result: x86_64-unknown-linux-gnu
configure:5032: checking for the pthreads library -lpthreads
configure:5065: gcc -o conftest  -O2     conftest.c -lpthreads  >&5
/usr/bin/ld: cannot find -lpthreads
collect2: error: ld returned 1 exit status
configure:5065: $? = 1
configure: failed program was:
| /* confdefs.h */
| #define PACKAGE_NAME "IRIS"
| #define PACKAGE_TARNAME "iris"
| #define PACKAGE_VERSION "1.0.0"
| #define PACKAGE_STRING "IRIS 1.0.0"
| #define PACKAGE_BUGREPORT ""
| #define PACKAGE_URL ""
| #define PACKAGE "iris"
| #define VERSION "1.0.0"
| /* end confdefs.h.  */
| #include <pthread.h>
| int
| main ()
| {
| pthread_t th; pthread_join(th, 0);
|                      pthread_attr_init(0); pthread_cleanup_push(0, 0);
|                      pthread_create(0,0,0,0); pthread_cleanup_pop(0);
|   ;
|   return 0;
| }
configure:5074: result: no
configure:4977: checking whether pthreads work without any flags
configure:5065: gcc -o conftest  -O2     conftest.c   >&5
/tmp/cc5fPTAq.o: In function `main':
conftest.c:(.text.startup+0x9): undefined reference to `pthread_join'
conftest.c:(.text.startup+0x26): undefined reference to `__pthread_register_cancel'
conftest.c:(.text.startup+0x33): undefined reference to `pthread_create'
conftest.c:(.text.startup+0x3b): undefined reference to `__pthread_unregister_cancel'
collect2: error: ld returned 1 exit status
configure:5065: $? = 1
configure: failed program was:
| /* confdefs.h */
| #define PACKAGE_NAME "IRIS"
| #define PACKAGE_TARNAME "iris"
| #define PACKAGE_VERSION "1.0.0"
| #define PACKAGE_STRING "IRIS 1.0.0"
| #define PACKAGE_BUGREPORT ""
| #define PACKAGE_URL ""
| #define PACKAGE "iris"
| #define VERSION "1.0.0"
| /* end confdefs.h.  */
| #include <pthread.h>
| int
| main ()
| {
| pthread_t th; pthread_join(th, 0);
|                      pthread_attr_init(0); pthread_cleanup_push(0, 0);
|                      pthread_create(0,0,0,0); pthread_cleanup_pop(0);
|   ;
|   return 0;
| }
configure:5074: result: no
configure:4982: checking whether pthreads work with -Kthread
configure:5065: gcc -o conftest  -O2  -Kthread   conftest.c   >&5
gcc: error: unrecognized command line option '-Kthread'
configure:5065: $? = 1
configure: failed program was:
| /* confdefs.h */
| #define PACKAGE_NAME "IRIS"
| #define PACKAGE_TARNAME "iris"
| #define PACKAGE_VERSION "1.0.0"
| #define PACKAGE_STRING "IRIS 1.0.0"
| #define PACKAGE_BUGREPORT ""
| #define PACKAGE_URL ""
| #define PACKAGE "iris"
| #define VERSION "1.0.0"
| /* end confdefs.h.  */
| #include <pthread.h>
| int
| main ()
| {
| pthread_t th; pthread_join(th, 0);
|                      pthread_attr_init(0); pthread_cleanup_push(0, 0);
|                      pthread_create(0,0,0,0); pthread_cleanup_pop(0);
|   ;
|   return 0;
| }
configure:5074: result: no
configure:4982: checking whether pthreads work with -kthread
configure:5065: gcc -o conftest  -O2  -kthread   conftest.c   >&5
gcc: error: unrecognized command line option '-kthread'
configure:5065: $? = 1
configure: failed program was:
| /* confdefs.h */
| #define PACKAGE_NAME "IRIS"
| #define PACKAGE_TARNAME "iris"
| #define PACKAGE_VERSION "1.0.0"
| #define PACKAGE_STRING "IRIS 1.0.0"
| #define PACKAGE_BUGREPORT ""
| #define PACKAGE_URL ""
| #define PACKAGE "iris"
| #define VERSION "1.0.0"
| /* end confdefs.h.  */
| #include <pthread.h>
| int
| main ()
| {
| pthread_t th; pthread_join(th, 0);
|                      pthread_attr_init(0); pthread_cleanup_push(0, 0);
|                      pthread_create(0,0,0,0); pthread_cleanup_pop(0);
|   ;
|   return 0;
| }
configure:5074: result: no
configure:5032: checking for the pthreads library -llthread
configure:5065: gcc -o conftest  -O2     conftest.c -llthread  >&5
/usr/bin/ld: cannot find -llthread
collect2: error: ld returned 1 exit status
configure:5065: $? = 1
configure: failed program was:
| /* confdefs.h */
| #define PACKAGE_NAME "IRIS"
| #define PACKAGE_TARNAME "iris"
| #define PACKAGE_VERSION "1.0.0"
| #define PACKAGE_STRING "IRIS 1.0.0"
| #define PACKAGE_BUGREPORT ""
| #define PACKAGE_URL ""
| #define PACKAGE "iris"
| #define VERSION "1.0.0"
| /* end confdefs.h.  */
| #include <pthread.h>
| int
| main ()
| {
| pthread_t th; pthread_join(th, 0);
|                      pthread_attr_init(0); pthread_cleanup_push(0, 0);
|                      pthread_create(0,0,0,0); pthread_cleanup_pop(0);
|   ;
|   return 0;
| }
configure:5074: result: no
configure:4982: checking whether pthreads work with -pthread
configure:5065: gcc -o conftest  -O2  -pthread   conftest.c   >&5
configure:5065: $? = 0
configure:5074: result: yes
configure:5094: checking for joinable pthread attribute
configure:5107: gcc -o conftest  -O2  -pthread   conftest.c   >&5
configure:5107: $? = 0
configure:5139: result: PTHREAD_CREATE_JOINABLE
configure:5146: checking if more special flags are required for pthreads
configure:5153: result: no
configure:5165: checking for cc_r
configure:5193: result: gcc
configure:5234: checking for gethostbyname
configure:5234: gcc -o conftest  -O2    conftest.c  >&5
configure:5234: $? = 0
configure:5234: result: yes
configure:5285: checking for socket
configure:5285: gcc -o conftest  -O2    conftest.c  >&5
configure:5285: $? = 0
configure:5285: result: yes
configure:5342: checking how to run the C preprocessor
configure:5373: gcc -E  conftest.c
configure:5373: $? = 0
configure:5387: gcc -E  conftest.c
conftest.c:14:28: fatal error: ac_nonexistent.h: No such file or directory
 #include <ac_nonexistent.h>
                            ^
compilation terminated.
configure:5387: $? = 1
configure: failed program was:
| /* confdefs.h */
| #define PACKAGE_NAME "IRIS"
| #define PACKAGE_TARNAME "iris"
| #define PACKAGE_VERSION "1.0.0"
| #define PACKAGE_STRING "IRIS 1.0.0"
| #define PACKAGE_BUGREPORT ""
| #define PACKAGE_URL ""
| #define PACKAGE "iris"
| #define VERSION "1.0.0"
| #define HAVE_PTHREAD 1
| #define HAVE_POSIX_THREAD 1
| #define _REENTRANT 1
| /* end confdefs.h.  */
| #include <ac_nonexistent.h>
configure:5412: result: gcc -E
configure:5432: gcc -E  conftest.c
configure:5432: $? = 0
configure:5446: gcc -E  conftest.c
conftest.c:14:28: fatal error: ac_nonexistent.h: No such file or directory
 #include <ac_nonexistent.h>
                            ^
compilation terminated.
configure:5446: $? = 1
configure: failed program was:
| /* confdefs.h */
| #define PACKAGE_NAME "IRIS"
| #define PACKAGE_TARNAME "iris"
| #define PACKAGE_VERSION "1.0.0"
| #define PACKAGE_STRING "IRIS 1.0.0"
| #define PACKAGE_BUGREPORT ""
| #define PACKAGE_URL ""
| #define PACKAGE "iris"
| #define VERSION "1.0.0"
| #define HAVE_PTHREAD 1
| #define HAVE_POSIX_THREAD 1
| #define _REENTRANT 1
| /* end confdefs.h.  */
| #include <ac_nonexistent.h>
configure:5475: checking for grep that handles long lines and -e
configure:5533: result: /bin/grep
configure:5538: checking for egrep
configure:5600: result: /bin/grep -E
configure:5605: checking for ANSI C header files
configure:5625: gcc -c  -O2   conftest.c >&5
configure:5625: $? = 0
configure:5698: gcc -o conftest  -O2    conftest.c  >&5
configure:5698: $? = 0
configure:5698: ./conftest
configure:5698: $? = 0
configure:5709: result: yes
configure:5722: checking for sys/types.h
configure:5722: gcc -c  -O2   conftest.c >&5
configure:5722: $? = 0
configure:5722: result: yes
configure:5722: checking for sys/stat.h
configure:5722: gcc -c  -O2   conftest.c >&5
configure:5722: $? = 0
configure:5722: result: yes
configure:5722: checking for stdlib.h
configure:5722: gcc -c  -O2   conftest.c >&5
configure:5722: $? = 0
configure:5722: result: yes
configure:5722: checking for string.h
configure:5722: gcc -c  -O2   conftest.c >&5
configure:5722: $? = 0
configure:5722: result: yes
configure:5722: checking for memory.h
configure:5722: gcc -c  -O2   conftest.c >&5
configure:5722: $? = 0
configure:5722: result: yes
configure:5722: checking for strings.h
configure:5722: gcc -c  -O2   conftest.c >&5
configure:5722: $? = 0
configure:5722: result: yes
configure:5722: checking for inttypes.h
configure:5722: gcc -c  -O2   conftest.c >&5
configure:5722: $? = 0
configure:5722: result: yes
configure:5722: checking for stdint.h
configure:5722: gcc -c  -O2   conftest.c >&5
configure:5722: $? = 0
configure:5722: result: yes
configure:5722: checking for unistd.h
configure:5722: gcc -c  -O2   conftest.c >&5
configure:5722: $? = 0
configure:5722: result: yes
configure:5737: checking arpa/inet.h usability
configure:5737: gcc -c  -O2   conftest.c >&5
configure:5737: $? = 0
configure:5737: result: yes
configure:5737: checking arpa/inet.h presence
configure:5737: gcc -E  conftest.c
configure:5737: $? = 0
configure:5737: result: yes
configure:5737: checking for arpa/inet.h
configure:5737: result: yes
configure:5737: checking libintl.h usability
configure:5737: gcc -c  -O2   conftest.c >&5
configure:5737: $? = 0
configure:5737: result: yes
configure:5737: checking libintl.h presence
configure:5737: gcc -E  conftest.c
configure:5737: $? = 0
configure:5737: result: yes
configure:5737: checking for libintl.h
configure:5737: result: yes
configure:5737: checking netdb.h usability
configure:5737: gcc -c  -O2   conftest.c >&5
configure:5737: $? = 0
configure:5737: result: yes
configure:5737: checking netdb.h presence
configure:5737: gcc -E  conftest.c
configure:5737: $? = 0
configure:5737: result: yes
configure:5737: checking for netdb.h
configure:5737: result: yes
configure:5737: checking netinet/in.h usability
configure:5737: gcc -c  -O2   conftest.c >&5
configure:5737: $? = 0
configure:5737: result: yes
configure:5737: checking netinet/in.h presence
configure:5737: gcc -E  conftest.c
configure:5737: $? = 0
configure:5737: result: yes
configure:5737: checking for netinet/in.h
configure:5737: result: yes
configure:5737: checking for stdlib.h
configure:5737: result: yes
configure:5737: checking for string.h
configure:5737: result: yes
configure:5737: checking for strings.h
configure:5737: result: yes
configure:5737: checking sys/socket.h usability
configure:5737: gcc -c  -O2   conftest.c >&5
configure:5737: $? = 0
configure:5737: result: yes
configure:5737: checking sys/socket.h presence
configure:5737: gcc -E  conftest.c
configure:5737: $? = 0
configure:5737: result: yes
configure:5737: checking for sys/socket.h
configure:5737: result: yes
configure:5737: checking sys/time.h usability
configure:5737: gcc -c  -O2   conftest.c >&5
configure:5737: $? = 0
configure:5737: result: yes
configure:5737: checking sys/time.h presence
configure:5737: gcc -E  conftest.c
configure:5737: $? = 0
configure:5737: result: yes
configure:5737: checking for sys/time.h
configure:5737: result: yes
configure:5737: checking syslog.h usability
configure:5737: gcc -c  -O2   conftest.c >&5
configure:5737: $? = 0
configure:5737: result: yes
configure:5737: checking syslog.h presence
configure:5737: gcc -E  conftest.c
configure:5737: $? = 0
configure:5737: result: yes
configure:5737: checking for syslog.h
configure:5737: result: yes
configure:5737: checking for unistd.h
configure:5737: result: yes
configure:5749: checking for an ANSI C-conforming const
configure:5815: gcc -c  -O2   conftest.c >&5
configure:5815: $? = 0
configure:5822: result: yes
configure:5830: checking for size_t
configure:5830: gcc -c  -O2   conftest.c >&5
configure:5830: $? = 0
configure:5830: gcc -c  -O2   conftest.c >&5
conftest.c: In function 'main':
conftest.c:71:21: error: expected expression before ')' token
 if (sizeof ((size_t)))
                     ^
configure:5830: $? = 1
configure: failed program was:
| /* confdefs.h */
| #define PACKAGE_NAME "IRIS"
| #define PACKAGE_TARNAME "iris"
| #define PACKAGE_VERSION "1.0.0"
| #define PACKAGE_STRING "IRIS 1.0.0"
| #define PACKAGE_BUGREPORT ""
| #define PACKAGE_URL ""
| #define PACKAGE "iris"
| #define VERSION "1.0.0"
| #define HAVE_PTHREAD 1
| #define HAVE_POSIX_THREAD 1
| #define _REENTRANT 1
| #define STDC_HEADERS 1
| #define HAVE_SYS_TYPES_H 1
| #define HAVE_SYS_STAT_H 1
| #define HAVE_STDLIB_H 1
| #define HAVE_STRING_H 1
| #define HAVE_MEMORY_H 1
| #define HAVE_STRINGS_H 1
| #define HAVE_INTTYPES_H 1
| #define HAVE_STDINT_H 1
| #define HAVE_UNISTD_H 1
| #define HAVE_ARPA_INET_H 1
| #define HAVE_LIBINTL_H 1
| #define HAVE_NETDB_H 1
| #define HAVE_NETINET_IN_H 1
| #define HAVE_STDLIB_H 1
| #define HAVE_STRING_H 1
| #define HAVE_STRINGS_H 1
| #define HAVE_SYS_SOCKET_H 1
| #define HAVE_SYS_TIME_H 1
| #define HAVE_SYSLOG_H 1
| #define HAVE_UNISTD_H 1
| /* end confdefs.h.  */
| #include <stdio.h>
| #ifdef HAVE_SYS_TYPES_H
| # include <sys/types.h>
| #endif
| #ifdef HAVE_SYS_STAT_H
| # include <sys/stat.h>
| #endif
| #ifdef STDC_HEADERS
| # include <stdlib.h>
| # include <stddef.h>
| #else
| # ifdef HAVE_STDLIB_H
| #  include <stdlib.h>
| # endif
| #endif
| #ifdef HAVE_STRING_H
| # if !defined STDC_HEADERS && defined HAVE_MEMORY_H
| #  include <memory.h>
| # endif
| # include <string.h>
| #endif
| #ifdef HAVE_STRINGS_H
| # include <strings.h>
| #endif
| #ifdef HAVE_INTTYPES_H
| # include <inttypes.h>
| #endif
| #ifdef HAVE_STDINT_H
| # include <stdint.h>
| #endif
| #ifdef HAVE_UNISTD_H
| # include <unistd.h>
| #endif
| int
| main ()
| {
| if (sizeof ((size_t)))
| 	    return 0;
|   ;
|   return 0;
| }
configure:5830: result: yes
configure:5841: checking for ssize_t
configure:5841: gcc -c  -O2   conftest.c >&5
configure:5841: $? = 0
configure:5841: gcc -c  -O2   conftest.c >&5
conftest.c: In function 'main':
conftest.c:71:22: error: expected expression before ')' token
 if (sizeof ((ssize_t)))
                      ^
configure:5841: $? = 1
configure: failed program was:
| /* confdefs.h */
| #define PACKAGE_NAME "IRIS"
| #define PACKAGE_TARNAME "iris"
| #define PACKAGE_VERSION "1.0.0"
| #define PACKAGE_STRING "IRIS 1.0.0"
| #define PACKAGE_BUGREPORT ""
| #define PACKAGE_URL ""
| #define PACKAGE "iris"
| #define VERSION "1.0.0"
| #define HAVE_PTHREAD 1
| #define HAVE_POSIX_THREAD 1
| #define _REENTRANT 1
| #define STDC_HEADERS 1
| #define HAVE_SYS_TYPES_H 1
| #define HAVE_SYS_STAT_H 1
| #define HAVE_STDLIB_H 1
| #define HAVE_STRING_H 1
| #define HAVE_MEMORY_H 1
| #define HAVE_STRINGS_H 1
| #define HAVE_INTTYPES_H 1
| #define HAVE_STDINT_H 1
| #define HAVE_UNISTD_H 1
| #define HAVE_ARPA_INET_H 1
| #define HAVE_LIBINTL_H 1
| #define HAVE_NETDB_H 1
| #define HAVE_NETINET_IN_H 1
| #define HAVE_STDLIB_H 1
| #define HAVE_STRING_H 1
| #define HAVE_STRINGS_H 1
| #define HAVE_SYS_SOCKET_H 1
| #define HAVE_SYS_TIME_H 1
| #define HAVE_SYSLOG_H 1
| #define HAVE_UNISTD_H 1
| /* end confdefs.h.  */
| #include <stdio.h>
| #ifdef HAVE_SYS_TYPES_H
| # include <sys/types.h>
| #endif
| #ifdef HAVE_SYS_STAT_H
| # include <sys/stat.h>
| #endif
| #ifdef STDC_HEADERS
| # include <stdlib.h>
| # include <stddef.h>
| #else
| # ifdef HAVE_STDLIB_H
| #  include <stdlib.h>
| # endif
| #endif
| #ifdef HAVE_STRING_H
| # if !defined STDC_HEADERS && defined HAVE_MEMORY_H
| #  include <memory.h>
| # endif
| # include <string.h>
| #endif
| #ifdef HAVE_STRINGS_H
| # include <strings.h>
| #endif
| #ifdef HAVE_INTTYPES_H
| # include <inttypes.h>
| #endif
| #ifdef HAVE_STDINT_H
| # include <stdint.h>
| #endif
| #ifdef HAVE_UNISTD_H
| # include <unistd.h>
| #endif
| int
| main ()
| {
| if (sizeof ((ssize_t)))
| 	    return 0;
|   ;
|   return 0;
| }
configure:5841: result: yes
configure:5856: checking whether time.h and sys/time.h may both be included
configure:5876: gcc -c  -O2   conftest.c >&5
configure:5876: $? = 0
configure:5883: result: yes
configure:5891: checking whether struct tm is in sys/time.h or time.h
configure:5911: gcc -c  -O2   conftest.c >&5
configure:5911: $? = 0
configure:5918: result: time.h
configure:5928: checking for stdint types
configure:5951: gcc -c   conftest.c >&5
configure:5951: $? = 0
configure:5976: result: stdint.h (shortcircuit)
configure:6361: result: make use of stdint.h in include/iris-int.h (assuming C99 compatible system)
configure:6370: checking 3rd argument of accept
configure:6399: g++ -c  -O2   conftest.cpp >&5
configure:6399: $? = 0
configure:6562: result: socklen_t
configure:6575: checking for pid_t
configure:6575: gcc -c  -O2   conftest.c >&5
configure:6575: $? = 0
configure:6575: gcc -c  -O2   conftest.c >&5
conftest.c: In function 'main':
conftest.c:74:20: error: expected expression before ')' token
 if (sizeof ((pid_t)))
                    ^
configure:6575: $? = 1
configure: failed program was:
| /* confdefs.h */
| #define PACKAGE_NAME "IRIS"
| #define PACKAGE_TARNAME "iris"
| #define PACKAGE_VERSION "1.0.0"
| #define PACKAGE_STRING "IRIS 1.0.0"
| #define PACKAGE_BUGREPORT ""
| #define PACKAGE_URL ""
| #define PACKAGE "iris"
| #define VERSION "1.0.0"
| #define HAVE_PTHREAD 1
| #define HAVE_POSIX_THREAD 1
| #define _REENTRANT 1
| #define STDC_HEADERS 1
| #define HAVE_SYS_TYPES_H 1
| #define HAVE_SYS_STAT_H 1
| #define HAVE_STDLIB_H 1
| #define HAVE_STRING_H 1
| #define HAVE_MEMORY_H 1
| #define HAVE_STRINGS_H 1
| #define HAVE_INTTYPES_H 1
| #define HAVE_STDINT_H 1
| #define HAVE_UNISTD_H 1
| #define HAVE_ARPA_INET_H 1
| #define HAVE_LIBINTL_H 1
| #define HAVE_NETDB_H 1
| #define HAVE_NETINET_IN_H 1
| #define HAVE_STDLIB_H 1
| #define HAVE_STRING_H 1
| #define HAVE_STRINGS_H 1
| #define HAVE_SYS_SOCKET_H 1
| #define HAVE_SYS_TIME_H 1
| #define HAVE_SYSLOG_H 1
| #define HAVE_UNISTD_H 1
| #define HAVE_SSIZE_T 1
| #define TIME_WITH_SYS_TIME 1
| #define Socklen_t socklen_t
| /* end confdefs.h.  */
| #include <stdio.h>
| #ifdef HAVE_SYS_TYPES_H
| # include <sys/types.h>
| #endif
| #ifdef HAVE_SYS_STAT_H
| # include <sys/stat.h>
| #endif
| #ifdef STDC_HEADERS
| # include <stdlib.h>
| # include <stddef.h>
| #else
| # ifdef HAVE_STDLIB_H
| #  include <stdlib.h>
| # endif
| #endif
| #ifdef HAVE_STRING_H
| # if !defined STDC_HEADERS && defined HAVE_MEMORY_H
| #  include <memory.h>
| # endif
| # include <string.h>
| #endif
| #ifdef HAVE_STRINGS_H
| # include <strings.h>
| #endif
| #ifdef HAVE_INTTYPES_H
| # include <inttypes.h>
| #endif
| #ifdef HAVE_STDINT_H
| # include <stdint.h>
| #endif
| #ifdef HAVE_UNISTD_H
| # include <unistd.h>
| #endif
| int
| main ()
| {
| if (sizeof ((pid_t)))
| 	    return 0;
|   ;
|   return 0;
| }
configure:6575: result: yes
configure:6588: checking vfork.h usability
configure:6588: gcc -c  -O2   conftest.c >&5
conftest.c:71:19: fatal error: vfork.h: No such file or directory
 #include <vfork.h>
                   ^
compilation terminated.
configure:6588: $? = 1
configure: failed program was:
| /* confdefs.h */
| #define PACKAGE_NAME "IRIS"
| #define PACKAGE_TARNAME "iris"
| #define PACKAGE_VERSION "1.0.0"
| #define PACKAGE_STRING "IRIS 1.0.0"
| #define PACKAGE_BUGREPORT ""
| #define PACKAGE_URL ""
| #define PACKAGE "iris"
| #define VERSION "1.0.0"
| #define HAVE_PTHREAD 1
| #define HAVE_POSIX_THREAD 1
| #define _REENTRANT 1
| #define STDC_HEADERS 1
| #define HAVE_SYS_TYPES_H 1
| #define HAVE_SYS_STAT_H 1
| #define HAVE_STDLIB_H 1
| #define HAVE_STRING_H 1
| #define HAVE_MEMORY_H 1
| #define HAVE_STRINGS_H 1
| #define HAVE_INTTYPES_H 1
| #define HAVE_STDINT_H 1
| #define HAVE_UNISTD_H 1
| #define HAVE_ARPA_INET_H 1
| #define HAVE_LIBINTL_H 1
| #define HAVE_NETDB_H 1
| #define HAVE_NETINET_IN_H 1
| #define HAVE_STDLIB_H 1
| #define HAVE_STRING_H 1
| #define HAVE_STRINGS_H 1
| #define HAVE_SYS_SOCKET_H 1
| #define HAVE_SYS_TIME_H 1
| #define HAVE_SYSLOG_H 1
| #define HAVE_UNISTD_H 1
| #define HAVE_SSIZE_T 1
| #define TIME_WITH_SYS_TIME 1
| #define Socklen_t socklen_t
| /* end confdefs.h.  */
| #include <stdio.h>
| #ifdef HAVE_SYS_TYPES_H
| # include <sys/types.h>
| #endif
| #ifdef HAVE_SYS_STAT_H
| # include <sys/stat.h>
| #endif
| #ifdef STDC_HEADERS
| # include <stdlib.h>
| # include <stddef.h>
| #else
| # ifdef HAVE_STDLIB_H
| #  include <stdlib.h>
| # endif
| #endif
| #ifdef HAVE_STRING_H
| # if !defined STDC_HEADERS && defined HAVE_MEMORY_H
| #  include <memory.h>
| # endif
| # include <string.h>
| #endif
| #ifdef HAVE_STRINGS_H
| # include <strings.h>
| #endif
| #ifdef HAVE_INTTYPES_H
| # include <inttypes.h>
| #endif
| #ifdef HAVE_STDINT_H
| # include <stdint.h>
| #endif
| #ifdef HAVE_UNISTD_H
| # include <unistd.h>
| #endif
| #include <vfork.h>
configure:6588: result: no
configure:6588: checking vfork.h presence
configure:6588: gcc -E  conftest.c
conftest.c:38:19: fatal error: vfork.h: No such file or directory
 #include <vfork.h>
                   ^
compilation terminated.
configure:6588: $? = 1
configure: failed program was:
| /* confdefs.h */
| #define PACKAGE_NAME "IRIS"
| #define PACKAGE_TARNAME "iris"
| #define PACKAGE_VERSION "1.0.0"
| #define PACKAGE_STRING "IRIS 1.0.0"
| #define PACKAGE_BUGREPORT ""
| #define PACKAGE_URL ""
| #define PACKAGE "iris"
| #define VERSION "1.0.0"
| #define HAVE_PTHREAD 1
| #define HAVE_POSIX_THREAD 1
| #define _REENTRANT 1
| #define STDC_HEADERS 1
| #define HAVE_SYS_TYPES_H 1
| #define HAVE_SYS_STAT_H 1
| #define HAVE_STDLIB_H 1
| #define HAVE_STRING_H 1
| #define HAVE_MEMORY_H 1
| #define HAVE_STRINGS_H 1
| #define HAVE_INTTYPES_H 1
| #define HAVE_STDINT_H 1
| #define HAVE_UNISTD_H 1
| #define HAVE_ARPA_INET_H 1
| #define HAVE_LIBINTL_H 1
| #define HAVE_NETDB_H 1
| #define HAVE_NETINET_IN_H 1
| #define HAVE_STDLIB_H 1
| #define HAVE_STRING_H 1
| #define HAVE_STRINGS_H 1
| #define HAVE_SYS_SOCKET_H 1
| #define HAVE_SYS_TIME_H 1
| #define HAVE_SYSLOG_H 1
| #define HAVE_UNISTD_H 1
| #define HAVE_SSIZE_T 1
| #define TIME_WITH_SYS_TIME 1
| #define Socklen_t socklen_t
| /* end confdefs.h.  */
| #include <vfork.h>
configure:6588: result: no
configure:6588: checking for vfork.h
configure:6588: result: no
configure:6601: checking for fork
configure:6601: gcc -o conftest  -O2    conftest.c  >&5
conftest.c:61:6: warning: conflicting types for built-in function 'fork'
 char fork ();
      ^
configure:6601: $? = 0
configure:6601: result: yes
configure:6601: checking for vfork
configure:6601: gcc -o conftest  -O2    conftest.c  >&5
configure:6601: $? = 0
configure:6601: result: yes
configure:6611: checking for working fork
configure:6633: gcc -o conftest  -O2    conftest.c  >&5
configure:6633: $? = 0
configure:6633: ./conftest
configure:6633: $? = 0
configure:6643: result: yes
configure:6664: checking for working vfork
configure:6774: result: yes
configure:6801: checking for stdlib.h
configure:6801: result: yes
configure:6811: checking for GNU libc compatible malloc
configure:6835: gcc -o conftest  -O2    conftest.c  >&5
configure:6835: $? = 0
configure:6835: ./conftest
configure:6835: $? = 0
configure:6845: result: yes
configure:6866: checking for working memcmp
configure:6909: gcc -o conftest  -O2    conftest.c  >&5
configure:6909: $? = 0
configure:6909: ./conftest
configure:6909: $? = 0
configure:6919: result: yes
configure:6931: checking sys/select.h usability
configure:6931: gcc -c  -O2   conftest.c >&5
configure:6931: $? = 0
configure:6931: result: yes
configure:6931: checking sys/select.h presence
configure:6931: gcc -E  conftest.c
configure:6931: $? = 0
configure:6931: result: yes
configure:6931: checking for sys/select.h
configure:6931: result: yes
configure:6931: checking for sys/socket.h
configure:6931: result: yes
configure:6941: checking types of arguments for select
configure:6969: gcc -c  -O2   conftest.c >&5
configure:6969: $? = 0
configure:6980: result: int,fd_set *,struct timeval *
configure:7003: checking return type of signal handlers
configure:7021: gcc -c  -O2   conftest.c >&5
conftest.c: In function 'main':
conftest.c:55:1: error: void value not ignored as it ought to be
 return *(signal (0, 0)) (0) == 1;
 ^
configure:7021: $? = 1
configure: failed program was:
| /* confdefs.h */
| #define PACKAGE_NAME "IRIS"
| #define PACKAGE_TARNAME "iris"
| #define PACKAGE_VERSION "1.0.0"
| #define PACKAGE_STRING "IRIS 1.0.0"
| #define PACKAGE_BUGREPORT ""
| #define PACKAGE_URL ""
| #define PACKAGE "iris"
| #define VERSION "1.0.0"
| #define HAVE_PTHREAD 1
| #define HAVE_POSIX_THREAD 1
| #define _REENTRANT 1
| #define STDC_HEADERS 1
| #define HAVE_SYS_TYPES_H 1
| #define HAVE_SYS_STAT_H 1
| #define HAVE_STDLIB_H 1
| #define HAVE_STRING_H 1
| #define HAVE_MEMORY_H 1
| #define HAVE_STRINGS_H 1
| #define HAVE_INTTYPES_H 1
| #define HAVE_STDINT_H 1
| #define HAVE_UNISTD_H 1
| #define HAVE_ARPA_INET_H 1
| #define HAVE_LIBINTL_H 1
| #define HAVE_NETDB_H 1
| #define HAVE_NETINET_IN_H 1
| #define HAVE_STDLIB_H 1
| #define HAVE_STRING_H 1
| #define HAVE_STRINGS_H 1
| #define HAVE_SYS_SOCKET_H 1
| #define HAVE_SYS_TIME_H 1
| #define HAVE_SYSLOG_H 1
| #define HAVE_UNISTD_H 1
| #define HAVE_SSIZE_T 1
| #define TIME_WITH_SYS_TIME 1
| #define Socklen_t socklen_t
| #define HAVE_FORK 1
| #define HAVE_VFORK 1
| #define HAVE_WORKING_VFORK 1
| #define HAVE_WORKING_FORK 1
| #define HAVE_STDLIB_H 1
| #define HAVE_MALLOC 1
| #define HAVE_SYS_SELECT_H 1
| #define HAVE_SYS_SOCKET_H 1
| #define SELECT_TYPE_ARG1 int
| #define SELECT_TYPE_ARG234 (fd_set *)
| #define SELECT_TYPE_ARG5 (struct timeval *)
| /* end confdefs.h.  */
| #include <sys/types.h>
| #include <signal.h>
| 
| int
| main ()
| {
| return *(signal (0, 0)) (0) == 1;
|   ;
|   return 0;
| }
configure:7028: result: void
configure:7038: checking for strftime
configure:7038: gcc -o conftest  -O2    conftest.c  >&5
conftest.c:73:6: warning: conflicting types for built-in function 'strftime'
 char strftime ();
      ^
configure:7038: $? = 0
configure:7038: result: yes
configure:7093: checking for vprintf
configure:7093: gcc -o conftest  -O2    conftest.c  >&5
conftest.c:74:6: warning: conflicting types for built-in function 'vprintf'
 char vprintf ();
      ^
configure:7093: $? = 0
configure:7093: result: yes
configure:7099: checking for _doprnt
configure:7099: gcc -o conftest  -O2    conftest.c  >&5
/tmp/ccOqEaGv.o: In function `main':
conftest.c:(.text.startup+0x7): undefined reference to `_doprnt'
collect2: error: ld returned 1 exit status
configure:7099: $? = 1
configure: failed program was:
| /* confdefs.h */
| #define PACKAGE_NAME "IRIS"
| #define PACKAGE_TARNAME "iris"
| #define PACKAGE_VERSION "1.0.0"
| #define PACKAGE_STRING "IRIS 1.0.0"
| #define PACKAGE_BUGREPORT ""
| #define PACKAGE_URL ""
| #define PACKAGE "iris"
| #define VERSION "1.0.0"
| #define HAVE_PTHREAD 1
| #define HAVE_POSIX_THREAD 1
| #define _REENTRANT 1
| #define STDC_HEADERS 1
| #define HAVE_SYS_TYPES_H 1
| #define HAVE_SYS_STAT_H 1
| #define HAVE_STDLIB_H 1
| #define HAVE_STRING_H 1
| #define HAVE_MEMORY_H 1
| #define HAVE_STRINGS_H 1
| #define HAVE_INTTYPES_H 1
| #define HAVE_STDINT_H 1
| #define HAVE_UNISTD_H 1
| #define HAVE_ARPA_INET_H 1
| #define HAVE_LIBINTL_H 1
| #define HAVE_NETDB_H 1
| #define HAVE_NETINET_IN_H 1
| #define HAVE_STDLIB_H 1
| #define HAVE_STRING_H 1
| #define HAVE_STRINGS_H 1
| #define HAVE_SYS_SOCKET_H 1
| #define HAVE_SYS_TIME_H 1
| #define HAVE_SYSLOG_H 1
| #define HAVE_UNISTD_H 1
| #define HAVE_SSIZE_T 1
| #define TIME_WITH_SYS_TIME 1
| #define Socklen_t socklen_t
| #define HAVE_FORK 1
| #define HAVE_VFORK 1
| #define HAVE_WORKING_VFORK 1
| #define HAVE_WORKING_FORK 1
| #define HAVE_STDLIB_H 1
| #define HAVE_MALLOC 1
| #define HAVE_SYS_SELECT_H 1
| #define HAVE_SYS_SOCKET_H 1
| #define SELECT_TYPE_ARG1 int
| #define SELECT_TYPE_ARG234 (fd_set *)
| #define SELECT_TYPE_ARG5 (struct timeval *)
| #define RETSIGTYPE void
| #define HAVE_STRFTIME 1
| #define HAVE_VPRINTF 1
| /* end confdefs.h.  */
| /* Define _doprnt to an innocuous variant, in case <limits.h> declares _doprnt.
|    For example, HP-UX 11i <limits.h> declares gettimeofday.  */
| #define _doprnt innocuous__doprnt
| 
| /* System header to define __stub macros and hopefully few prototypes,
|     which can conflict with char _doprnt (); below.
|     Prefer <limits.h> to <assert.h> if __STDC__ is defined, since
|     <limits.h> exists even on freestanding compilers.  */
| 
| #ifdef __STDC__
| # include <limits.h>
| #else
| # include <assert.h>
| #endif
| 
| #undef _doprnt
| 
| /* Override any GCC internal prototype to avoid an error.
|    Use char because int might match the return type of a GCC
|    builtin and then its argument prototype would still apply.  */
| #ifdef __cplusplus
| extern "C"
| #endif
| char _doprnt ();
| /* The GNU C library defines this for functions which it implements
|     to always fail with ENOSYS.  Some functions are actually named
|     something starting with __ and the normal name is an alias.  */
| #if defined __stub__doprnt || defined __stub____doprnt
| choke me
| #endif
| 
| int
| main ()
| {
| return _doprnt ();
|   ;
|   return 0;
| }
configure:7099: result: no
configure:7113: checking for atexit
configure:7113: gcc -o conftest  -O2    conftest.c  >&5
configure:7113: $? = 0
configure:7113: result: yes
configure:7113: checking for gettimeofday
configure:7113: gcc -o conftest  -O2    conftest.c  >&5
configure:7113: $? = 0
configure:7113: result: yes
configure:7113: checking for memset
configure:7113: gcc -o conftest  -O2    conftest.c  >&5
conftest.c:77:6: warning: conflicting types for built-in function 'memset'
 char memset ();
      ^
configure:7113: $? = 0
configure:7113: result: yes
configure:7113: checking for pthread_cancel
configure:7113: gcc -o conftest  -O2    conftest.c  >&5
/tmp/ccANA8QI.o: In function `main':
conftest.c:(.text.startup+0x7): undefined reference to `pthread_cancel'
collect2: error: ld returned 1 exit status
configure:7113: $? = 1
configure: failed program was:
| /* confdefs.h */
| #define PACKAGE_NAME "IRIS"
| #define PACKAGE_TARNAME "iris"
| #define PACKAGE_VERSION "1.0.0"
| #define PACKAGE_STRING "IRIS 1.0.0"
| #define PACKAGE_BUGREPORT ""
| #define PACKAGE_URL ""
| #define PACKAGE "iris"
| #define VERSION "1.0.0"
| #define HAVE_PTHREAD 1
| #define HAVE_POSIX_THREAD 1
| #define _REENTRANT 1
| #define STDC_HEADERS 1
| #define HAVE_SYS_TYPES_H 1
| #define HAVE_SYS_STAT_H 1
| #define HAVE_STDLIB_H 1
| #define HAVE_STRING_H 1
| #define HAVE_MEMORY_H 1
| #define HAVE_STRINGS_H 1
| #define HAVE_INTTYPES_H 1
| #define HAVE_STDINT_H 1
| #define HAVE_UNISTD_H 1
| #define HAVE_ARPA_INET_H 1
| #define HAVE_LIBINTL_H 1
| #define HAVE_NETDB_H 1
| #define HAVE_NETINET_IN_H 1
| #define HAVE_STDLIB_H 1
| #define HAVE_STRING_H 1
| #define HAVE_STRINGS_H 1
| #define HAVE_SYS_SOCKET_H 1
| #define HAVE_SYS_TIME_H 1
| #define HAVE_SYSLOG_H 1
| #define HAVE_UNISTD_H 1
| #define HAVE_SSIZE_T 1
| #define TIME_WITH_SYS_TIME 1
| #define Socklen_t socklen_t
| #define HAVE_FORK 1
| #define HAVE_VFORK 1
| #define HAVE_WORKING_VFORK 1
| #define HAVE_WORKING_FORK 1
| #define HAVE_STDLIB_H 1
| #define HAVE_MALLOC 1
| #define HAVE_SYS_SELECT_H 1
| #define HAVE_SYS_SOCKET_H 1
| #define SELECT_TYPE_ARG1 int
| #define SELECT_TYPE_ARG234 (fd_set *)
| #define SELECT_TYPE_ARG5 (struct timeval *)
| #define RETSIGTYPE void
| #define HAVE_STRFTIME 1
| #define HAVE_VPRINTF 1
| #define HAVE_ATEXIT 1
| #define HAVE_GETTIMEOFDAY 1
| #define HAVE_MEMSET 1
| /* end confdefs.h.  */
| /* Define pthread_cancel to an innocuous variant, in case <limits.h> declares pthread_cancel.
|    For example, HP-UX 11i <limits.h> declares gettimeofday.  */
| #define pthread_cancel innocuous_pthread_cancel
| 
| /* System header to define __stub macros and hopefully few prototypes,
|     which can conflict with char pthread_cancel (); below.
|     Prefer <limits.h> to <assert.h> if __STDC__ is defined, since
|     <limits.h> exists even on freestanding compilers.  */
| 
| #ifdef __STDC__
| # include <limits.h>
| #else
| # include <assert.h>
| #endif
| 
| #undef pthread_cancel
| 
| /* Override any GCC internal prototype to avoid an error.
|    Use char because int might match the return type of a GCC
|    builtin and then its argument prototype would still apply.  */
| #ifdef __cplusplus
| extern "C"
| #endif
| char pthread_cancel ();
| /* The GNU C library defines this for functions which it implements
|     to always fail with ENOSYS.  Some functions are actually named
|     something starting with __ and the normal name is an alias.  */
| #if defined __stub_pthread_cancel || defined __stub___pthread_cancel
| choke me
| #endif
| 
| int
| main ()
| {
| return pthread_cancel ();
|   ;
|   return 0;
| }
configure:7113: result: no
configure:7113: checking for select
configure:7113: gcc -o conftest  -O2    conftest.c  >&5
configure:7113: $? = 0
configure:7113: result: yes
configure:7113: checking for strchr
configure:7113: gcc -o conftest  -O2    conftest.c  >&5
conftest.c:79:6: warning: conflicting types for built-in function 'strchr'
 char strchr ();
      ^
configure:7113: $? = 0
configure:7113: result: yes
configure:7113: checking for strerror
configure:7113: gcc -o conftest  -O2    conftest.c  >&5
configure:7113: $? = 0
configure:7113: result: yes
configure:7113: checking for strtol
configure:7113: gcc -o conftest  -O2    conftest.c  >&5
configure:7113: $? = 0
configure:7113: result: yes
configure:7113: checking for usleep
configure:7113: gcc -o conftest  -O2    conftest.c  >&5
configure:7113: $? = 0
configure:7113: result: yes
configure:7122: checking for snprintf
configure:7122: gcc -o conftest  -O2    conftest.c  >&5
conftest.c:83:6: warning: conflicting types for built-in function 'snprintf'
 char snprintf ();
      ^
configure:7122: $? = 0
configure:7122: result: yes
configure:7135: checking for inet_pton
configure:7135: gcc -o conftest  -O2    conftest.c  >&5
configure:7135: $? = 0
configure:7135: result: yes
configure:7148: checking for inet_ntop
configure:7148: gcc -o conftest  -O2    conftest.c  >&5
configure:7148: $? = 0
configure:7148: result: yes
configure:7161: checking for gettimeofday
configure:7161: result: yes
configure:7180: checking *printf() support for %lld
configure:7197: gcc -o conftest  -O2    conftest.c  >&5
configure:7197: $? = 0
configure:7197: ./conftest
configure:7197: $? = 0
configure:7199: result: yes
configure:7263: checking size of bool
configure:7268: gcc -o conftest  -O2    conftest.c  >&5
conftest.c: In function 'longval':
conftest.c:98:57: error: 'bool' undeclared (first use in this function)
 static long int longval () { return (long int) (sizeof (bool)); }
                                                         ^
conftest.c:98:57: note: each undeclared identifier is reported only once for each function it appears in
conftest.c: In function 'ulongval':
conftest.c:99:67: error: 'bool' undeclared (first use in this function)
 static unsigned long int ulongval () { return (long int) (sizeof (bool)); }
                                                                   ^
conftest.c: In function 'main':
conftest.c:109:28: error: 'bool' undeclared (first use in this function)
   if (((long int) (sizeof (bool))) < 0)
                            ^
configure:7268: $? = 1
configure: program exited with status 1
configure: failed program was:
| /* confdefs.h */
| #define PACKAGE_NAME "IRIS"
| #define PACKAGE_TARNAME "iris"
| #define PACKAGE_VERSION "1.0.0"
| #define PACKAGE_STRING "IRIS 1.0.0"
| #define PACKAGE_BUGREPORT ""
| #define PACKAGE_URL ""
| #define PACKAGE "iris"
| #define VERSION "1.0.0"
| #define HAVE_PTHREAD 1
| #define HAVE_POSIX_THREAD 1
| #define _REENTRANT 1
| #define STDC_HEADERS 1
| #define HAVE_SYS_TYPES_H 1
| #define HAVE_SYS_STAT_H 1
| #define HAVE_STDLIB_H 1
| #define HAVE_STRING_H 1
| #define HAVE_MEMORY_H 1
| #define HAVE_STRINGS_H 1
| #define HAVE_INTTYPES_H 1
| #define HAVE_STDINT_H 1
| #define HAVE_UNISTD_H 1
| #define HAVE_ARPA_INET_H 1
| #define HAVE_LIBINTL_H 1
| #define HAVE_NETDB_H 1
| #define HAVE_NETINET_IN_H 1
| #define HAVE_STDLIB_H 1
| #define HAVE_STRING_H 1
| #define HAVE_STRINGS_H 1
| #define HAVE_SYS_SOCKET_H 1
| #define HAVE_SYS_TIME_H 1
| #define HAVE_SYSLOG_H 1
| #define HAVE_UNISTD_H 1
| #define HAVE_SSIZE_T 1
| #define TIME_WITH_SYS_TIME 1
| #define Socklen_t socklen_t
| #define HAVE_FORK 1
| #define HAVE_VFORK 1
| #define HAVE_WORKING_VFORK 1
| #define HAVE_WORKING_FORK 1
| #define HAVE_STDLIB_H 1
| #define HAVE_MALLOC 1
| #define HAVE_SYS_SELECT_H 1
| #define HAVE_SYS_SOCKET_H 1
| #define SELECT_TYPE_ARG1 int
| #define SELECT_TYPE_ARG234 (fd_set *)
| #define SELECT_TYPE_ARG5 (struct timeval *)
| #define RETSIGTYPE void
| #define HAVE_STRFTIME 1
| #define HAVE_VPRINTF 1
| #define HAVE_ATEXIT 1
| #define HAVE_GETTIMEOFDAY 1
| #define HAVE_MEMSET 1
| #define HAVE_SELECT 1
| #define HAVE_STRCHR 1
| #define HAVE_STRERROR 1
| #define HAVE_STRTOL 1
| #define HAVE_USLEEP 1
| #define HAVE_SNPRINTF 1
| #define HAVE_INET_PTON 1
| #define HAVE_INET_NTOP 1
| #define HAVE_GETTIMEOFDAY 1
| #define HAVE_QUAD_SUPPORT 1
| /* end confdefs.h.  */
| #include <stdio.h>
| #ifdef HAVE_SYS_TYPES_H
| # include <sys/types.h>
| #endif
| #ifdef HAVE_SYS_STAT_H
| # include <sys/stat.h>
| #endif
| #ifdef STDC_HEADERS
| # include <stdlib.h>
| # include <stddef.h>
| #else
| # ifdef HAVE_STDLIB_H
| #  include <stdlib.h>
| # endif
| #endif
| #ifdef HAVE_STRING_H
| # if !defined STDC_HEADERS && defined HAVE_MEMORY_H
| #  include <memory.h>
| # endif
| # include <string.h>
| #endif
| #ifdef HAVE_STRINGS_H
| # include <strings.h>
| #endif
| #ifdef HAVE_INTTYPES_H
| # include <inttypes.h>
| #endif
| #ifdef HAVE_STDINT_H
| # include <stdint.h>
| #endif
| #ifdef HAVE_UNISTD_H
| # include <unistd.h>
| #endif
| static long int longval () { return (long int) (sizeof (bool)); }
| static unsigned long int ulongval () { return (long int) (sizeof (bool)); }
| #include <stdio.h>
| #include <stdlib.h>
| int
| main ()
| {
| 
|   FILE *f = fopen ("conftest.val", "w");
|   if (! f)
|     return 1;
|   if (((long int) (sizeof (bool))) < 0)
|     {
|       long int i = longval ();
|       if (i != ((long int) (sizeof (bool))))
| 	return 1;
|       fprintf (f, "%ld", i);
|     }
|   else
|     {
|       unsigned long int i = ulongval ();
|       if (i != ((long int) (sizeof (bool))))
| 	return 1;
|       fprintf (f, "%lu", i);
|     }
|   /* Do not output a trailing newline, as this causes \r\n confusion
|      on some platforms.  */
|   return ferror (f) || fclose (f) != 0;
| 
|   ;
|   return 0;
| }
configure:7282: result: 0
configure:7297: checking if true is defined
configure:7320: g++ -c  -O2   conftest.cpp >&5
configure:7320: $? = 0
configure:7334: result: yes
configure:7346: checking whether byte ordering is bigendian
configure:7361: gcc -c  -O2   conftest.c >&5
conftest.c:68:9: error: unknown type name 'not'
         not a universal capable compiler
         ^
conftest.c:68:15: error: expected '=', ',', ';', 'asm' or '__attribute__' before 'universal'
         not a universal capable compiler
               ^
conftest.c:68:15: error: unknown type name 'universal'
configure:7361: $? = 1
configure: failed program was:
| /* confdefs.h */
| #define PACKAGE_NAME "IRIS"
| #define PACKAGE_TARNAME "iris"
| #define PACKAGE_VERSION "1.0.0"
| #define PACKAGE_STRING "IRIS 1.0.0"
| #define PACKAGE_BUGREPORT ""
| #define PACKAGE_URL ""
| #define PACKAGE "iris"
| #define VERSION "1.0.0"
| #define HAVE_PTHREAD 1
| #define HAVE_POSIX_THREAD 1
| #define _REENTRANT 1
| #define STDC_HEADERS 1
| #define HAVE_SYS_TYPES_H 1
| #define HAVE_SYS_STAT_H 1
| #define HAVE_STDLIB_H 1
| #define HAVE_STRING_H 1
| #define HAVE_MEMORY_H 1
| #define HAVE_STRINGS_H 1
| #define HAVE_INTTYPES_H 1
| #define HAVE_STDINT_H 1
| #define HAVE_UNISTD_H 1
| #define HAVE_ARPA_INET_H 1
| #define HAVE_LIBINTL_H 1
| #define HAVE_NETDB_H 1
| #define HAVE_NETINET_IN_H 1
| #define HAVE_STDLIB_H 1
| #define HAVE_STRING_H 1
| #define HAVE_STRINGS_H 1
| #define HAVE_SYS_SOCKET_H 1
| #define HAVE_SYS_TIME_H 1
| #define HAVE_SYSLOG_H 1
| #define HAVE_UNISTD_H 1
| #define HAVE_SSIZE_T 1
| #define TIME_WITH_SYS_TIME 1
| #define Socklen_t socklen_t
| #define HAVE_FORK 1
| #define HAVE_VFORK 1
| #define HAVE_WORKING_VFORK 1
| #define HAVE_WORKING_FORK 1
| #define HAVE_STDLIB_H 1
| #define HAVE_MALLOC 1
| #define HAVE_SYS_SELECT_H 1
| #define HAVE_SYS_SOCKET_H 1
| #define SELECT_TYPE_ARG1 int
| #define SELECT_TYPE_ARG234 (fd_set *)
| #define SELECT_TYPE_ARG5 (struct timeval *)
| #define RETSIGTYPE void
| #define HAVE_STRFTIME 1
| #define HAVE_VPRINTF 1
| #define HAVE_ATEXIT 1
| #define HAVE_GETTIMEOFDAY 1
| #define HAVE_MEMSET 1
| #define HAVE_SELECT 1
| #define HAVE_STRCHR 1
| #define HAVE_STRERROR 1
| #define HAVE_STRTOL 1
| #define HAVE_USLEEP 1
| #define HAVE_SNPRINTF 1
| #define HAVE_INET_PTON 1
| #define HAVE_INET_NTOP 1
| #define HAVE_GETTIMEOFDAY 1
| #define HAVE_QUAD_SUPPORT 1
| #define SIZEOF_BOOL 0
| #define bool int
| /* end confdefs.h.  */
| #ifndef __APPLE_CC__
| 	       not a universal capable compiler
| 	     #endif
| 	     typedef int dummy;
| 
configure:7406: gcc -c  -O2   conftest.c >&5
configure:7406: $? = 0
configure:7424: gcc -c  -O2   conftest.c >&5
conftest.c: In function 'main':
conftest.c:74:4: error: unknown type name 'not'
    not big endian
    ^
conftest.c:74:12: error: expected '=', ',', ';', 'asm' or '__attribute__' before 'endian'
    not big endian
            ^
configure:7424: $? = 1
configure: failed program was:
| /* confdefs.h */
| #define PACKAGE_NAME "IRIS"
| #define PACKAGE_TARNAME "iris"
| #define PACKAGE_VERSION "1.0.0"
| #define PACKAGE_STRING "IRIS 1.0.0"
| #define PACKAGE_BUGREPORT ""
| #define PACKAGE_URL ""
| #define PACKAGE "iris"
| #define VERSION "1.0.0"
| #define HAVE_PTHREAD 1
| #define HAVE_POSIX_THREAD 1
| #define _REENTRANT 1
| #define STDC_HEADERS 1
| #define HAVE_SYS_TYPES_H 1
| #define HAVE_SYS_STAT_H 1
| #define HAVE_STDLIB_H 1
| #define HAVE_STRING_H 1
| #define HAVE_MEMORY_H 1
| #define HAVE_STRINGS_H 1
| #define HAVE_INTTYPES_H 1
| #define HAVE_STDINT_H 1
| #define HAVE_UNISTD_H 1
| #define HAVE_ARPA_INET_H 1
| #define HAVE_LIBINTL_H 1
| #define HAVE_NETDB_H 1
| #define HAVE_NETINET_IN_H 1
| #define HAVE_STDLIB_H 1
| #define HAVE_STRING_H 1
| #define HAVE_STRINGS_H 1
| #define HAVE_SYS_SOCKET_H 1
| #define HAVE_SYS_TIME_H 1
| #define HAVE_SYSLOG_H 1
| #define HAVE_UNISTD_H 1
| #define HAVE_SSIZE_T 1
| #define TIME_WITH_SYS_TIME 1
| #define Socklen_t socklen_t
| #define HAVE_FORK 1
| #define HAVE_VFORK 1
| #define HAVE_WORKING_VFORK 1
| #define HAVE_WORKING_FORK 1
| #define HAVE_STDLIB_H 1
| #define HAVE_MALLOC 1
| #define HAVE_SYS_SELECT_H 1
| #define HAVE_SYS_SOCKET_H 1
| #define SELECT_TYPE_ARG1 int
| #define SELECT_TYPE_ARG234 (fd_set *)
| #define SELECT_TYPE_ARG5 (struct timeval *)
| #define RETSIGTYPE void
| #define HAVE_STRFTIME 1
| #define HAVE_VPRINTF 1
| #define HAVE_ATEXIT 1
| #define HAVE_GETTIMEOFDAY 1
| #define HAVE_MEMSET 1
| #define HAVE_SELECT 1
| #define HAVE_STRCHR 1
| #define HAVE_STRERROR 1
| #define HAVE_STRTOL 1
| #define HAVE_USLEEP 1
| #define HAVE_SNPRINTF 1
| #define HAVE_INET_PTON 1
| #define HAVE_INET_NTOP 1
| #define HAVE_GETTIMEOFDAY 1
| #define HAVE_QUAD_SUPPORT 1
| #define SIZEOF_BOOL 0
| #define bool int
| /* end confdefs.h.  */
| #include <sys/types.h>
| 		#include <sys/param.h>
| 
| int
| main ()
| {
| #if BYTE_ORDER != BIG_ENDIAN
| 		 not big endian
| 		#endif
| 
|   ;
|   return 0;
| }
configure:7552: result: no
configure:7573: checking for struct ip_mreq
configure:7573: gcc -c  -O2   conftest.c >&5
configure:7573: $? = 0
configure:7573: gcc -c  -O2   conftest.c >&5
conftest.c: In function 'main':
conftest.c:72:29: error: expected expression before ')' token
 if (sizeof ((struct ip_mreq)))
                             ^
configure:7573: $? = 1
configure: failed program was:
| /* confdefs.h */
| #define PACKAGE_NAME "IRIS"
| #define PACKAGE_TARNAME "iris"
| #define PACKAGE_VERSION "1.0.0"
| #define PACKAGE_STRING "IRIS 1.0.0"
| #define PACKAGE_BUGREPORT ""
| #define PACKAGE_URL ""
| #define PACKAGE "iris"
| #define VERSION "1.0.0"
| #define HAVE_PTHREAD 1
| #define HAVE_POSIX_THREAD 1
| #define _REENTRANT 1
| #define STDC_HEADERS 1
| #define HAVE_SYS_TYPES_H 1
| #define HAVE_SYS_STAT_H 1
| #define HAVE_STDLIB_H 1
| #define HAVE_STRING_H 1
| #define HAVE_MEMORY_H 1
| #define HAVE_STRINGS_H 1
| #define HAVE_INTTYPES_H 1
| #define HAVE_STDINT_H 1
| #define HAVE_UNISTD_H 1
| #define HAVE_ARPA_INET_H 1
| #define HAVE_LIBINTL_H 1
| #define HAVE_NETDB_H 1
| #define HAVE_NETINET_IN_H 1
| #define HAVE_STDLIB_H 1
| #define HAVE_STRING_H 1
| #define HAVE_STRINGS_H 1
| #define HAVE_SYS_SOCKET_H 1
| #define HAVE_SYS_TIME_H 1
| #define HAVE_SYSLOG_H 1
| #define HAVE_UNISTD_H 1
| #define HAVE_SSIZE_T 1
| #define TIME_WITH_SYS_TIME 1
| #define Socklen_t socklen_t
| #define HAVE_FORK 1
| #define HAVE_VFORK 1
| #define HAVE_WORKING_VFORK 1
| #define HAVE_WORKING_FORK 1
| #define HAVE_STDLIB_H 1
| #define HAVE_MALLOC 1
| #define HAVE_SYS_SELECT_H 1
| #define HAVE_SYS_SOCKET_H 1
| #define SELECT_TYPE_ARG1 int
| #define SELECT_TYPE_ARG234 (fd_set *)
| #define SELECT_TYPE_ARG5 (struct timeval *)
| #define RETSIGTYPE void
| #define HAVE_STRFTIME 1
| #define HAVE_VPRINTF 1
| #define HAVE_ATEXIT 1
| #define HAVE_GETTIMEOFDAY 1
| #define HAVE_MEMSET 1
| #define HAVE_SELECT 1
| #define HAVE_STRCHR 1
| #define HAVE_STRERROR 1
| #define HAVE_STRTOL 1
| #define HAVE_USLEEP 1
| #define HAVE_SNPRINTF 1
| #define HAVE_INET_PTON 1
| #define HAVE_INET_NTOP 1
| #define HAVE_GETTIMEOFDAY 1
| #define HAVE_QUAD_SUPPORT 1
| #define SIZEOF_BOOL 0
| #define bool int
| /* end confdefs.h.  */
| #include "compat/headers_slim.h"
| 
| int
| main ()
| {
| if (sizeof ((struct ip_mreq)))
| 	    return 0;
|   ;
|   return 0;
| }
configure:7573: result: yes
configure:7584: checking whether IP_ADD_MEMBERSHIP is declared
configure:7584: gcc -c  -O2   conftest.c >&5
configure:7584: $? = 0
configure:7584: result: yes
configure:7596: checking for multicast support
configure:7604: result: yes
configure:7614: checking for struct sockaddr_storage
configure:7614: gcc -c  -O2   conftest.c >&5
configure:7614: $? = 0
configure:7614: gcc -c  -O2   conftest.c >&5
conftest.c: In function 'main':
conftest.c:75:38: error: expected expression before ')' token
 if (sizeof ((struct sockaddr_storage)))
                                      ^
configure:7614: $? = 1
configure: failed program was:
| /* confdefs.h */
| #define PACKAGE_NAME "IRIS"
| #define PACKAGE_TARNAME "iris"
| #define PACKAGE_VERSION "1.0.0"
| #define PACKAGE_STRING "IRIS 1.0.0"
| #define PACKAGE_BUGREPORT ""
| #define PACKAGE_URL ""
| #define PACKAGE "iris"
| #define VERSION "1.0.0"
| #define HAVE_PTHREAD 1
| #define HAVE_POSIX_THREAD 1
| #define _REENTRANT 1
| #define STDC_HEADERS 1
| #define HAVE_SYS_TYPES_H 1
| #define HAVE_SYS_STAT_H 1
| #define HAVE_STDLIB_H 1
| #define HAVE_STRING_H 1
| #define HAVE_MEMORY_H 1
| #define HAVE_STRINGS_H 1
| #define HAVE_INTTYPES_H 1
| #define HAVE_STDINT_H 1
| #define HAVE_UNISTD_H 1
| #define HAVE_ARPA_INET_H 1
| #define HAVE_LIBINTL_H 1
| #define HAVE_NETDB_H 1
| #define HAVE_NETINET_IN_H 1
| #define HAVE_STDLIB_H 1
| #define HAVE_STRING_H 1
| #define HAVE_STRINGS_H 1
| #define HAVE_SYS_SOCKET_H 1
| #define HAVE_SYS_TIME_H 1
| #define HAVE_SYSLOG_H 1
| #define HAVE_UNISTD_H 1
| #define HAVE_SSIZE_T 1
| #define TIME_WITH_SYS_TIME 1
| #define Socklen_t socklen_t
| #define HAVE_FORK 1
| #define HAVE_VFORK 1
| #define HAVE_WORKING_VFORK 1
| #define HAVE_WORKING_FORK 1
| #define HAVE_STDLIB_H 1
| #define HAVE_MALLOC 1
| #define HAVE_SYS_SELECT_H 1
| #define HAVE_SYS_SOCKET_H 1
| #define SELECT_TYPE_ARG1 int
| #define SELECT_TYPE_ARG234 (fd_set *)
| #define SELECT_TYPE_ARG5 (struct timeval *)
| #define RETSIGTYPE void
| #define HAVE_STRFTIME 1
| #define HAVE_VPRINTF 1
| #define HAVE_ATEXIT 1
| #define HAVE_GETTIMEOFDAY 1
| #define HAVE_MEMSET 1
| #define HAVE_SELECT 1
| #define HAVE_STRCHR 1
| #define HAVE_STRERROR 1
| #define HAVE_STRTOL 1
| #define HAVE_USLEEP 1
| #define HAVE_SNPRINTF 1
| #define HAVE_INET_PTON 1
| #define HAVE_INET_NTOP 1
| #define HAVE_GETTIMEOFDAY 1
| #define HAVE_QUAD_SUPPORT 1
| #define SIZEOF_BOOL 0
| #define bool int
| #define HAVE_STRUCT_IP_MREQ 1
| #define HAVE_DECL_IP_ADD_MEMBERSHIP 1
| #define HAVE_MULTICAST 1
| /* end confdefs.h.  */
| #include "compat/headers_slim.h"
| 
| int
| main ()
| {
| if (sizeof ((struct sockaddr_storage)))
| 	    return 0;
|   ;
|   return 0;
| }
configure:7614: result: yes
configure:7625: checking for struct sockaddr_in6
configure:7625: gcc -c  -O2   conftest.c >&5
configure:7625: $? = 0
configure:7625: gcc -c  -O2   conftest.c >&5
conftest.c: In function 'main':
conftest.c:76:34: error: expected expression before ')' token
 if (sizeof ((struct sockaddr_in6)))
                                  ^
configure:7625: $? = 1
configure: failed program was:
| /* confdefs.h */
| #define PACKAGE_NAME "IRIS"
| #define PACKAGE_TARNAME "iris"
| #define PACKAGE_VERSION "1.0.0"
| #define PACKAGE_STRING "IRIS 1.0.0"
| #define PACKAGE_BUGREPORT ""
| #define PACKAGE_URL ""
| #define PACKAGE "iris"
| #define VERSION "1.0.0"
| #define HAVE_PTHREAD 1
| #define HAVE_POSIX_THREAD 1
| #define _REENTRANT 1
| #define STDC_HEADERS 1
| #define HAVE_SYS_TYPES_H 1
| #define HAVE_SYS_STAT_H 1
| #define HAVE_STDLIB_H 1
| #define HAVE_STRING_H 1
| #define HAVE_MEMORY_H 1
| #define HAVE_STRINGS_H 1
| #define HAVE_INTTYPES_H 1
| #define HAVE_STDINT_H 1
| #define HAVE_UNISTD_H 1
| #define HAVE_ARPA_INET_H 1
| #define HAVE_LIBINTL_H 1
| #define HAVE_NETDB_H 1
| #define HAVE_NETINET_IN_H 1
| #define HAVE_STDLIB_H 1
| #define HAVE_STRING_H 1
| #define HAVE_STRINGS_H 1
| #define HAVE_SYS_SOCKET_H 1
| #define HAVE_SYS_TIME_H 1
| #define HAVE_SYSLOG_H 1
| #define HAVE_UNISTD_H 1
| #define HAVE_SSIZE_T 1
| #define TIME_WITH_SYS_TIME 1
| #define Socklen_t socklen_t
| #define HAVE_FORK 1
| #define HAVE_VFORK 1
| #define HAVE_WORKING_VFORK 1
| #define HAVE_WORKING_FORK 1
| #define HAVE_STDLIB_H 1
| #define HAVE_MALLOC 1
| #define HAVE_SYS_SELECT_H 1
| #define HAVE_SYS_SOCKET_H 1
| #define SELECT_TYPE_ARG1 int
| #define SELECT_TYPE_ARG234 (fd_set *)
| #define SELECT_TYPE_ARG5 (struct timeval *)
| #define RETSIGTYPE void
| #define HAVE_STRFTIME 1
| #define HAVE_VPRINTF 1
| #define HAVE_ATEXIT 1
| #define HAVE_GETTIMEOFDAY 1
| #define HAVE_MEMSET 1
| #define HAVE_SELECT 1
| #define HAVE_STRCHR 1
| #define HAVE_STRERROR 1
| #define HAVE_STRTOL 1
| #define HAVE_USLEEP 1
| #define HAVE_SNPRINTF 1
| #define HAVE_INET_PTON 1
| #define HAVE_INET_NTOP 1
| #define HAVE_GETTIMEOFDAY 1
| #define HAVE_QUAD_SUPPORT 1
| #define SIZEOF_BOOL 0
| #define bool int
| #define HAVE_STRUCT_IP_MREQ 1
| #define HAVE_DECL_IP_ADD_MEMBERSHIP 1
| #define HAVE_MULTICAST 1
| #define HAVE_STRUCT_SOCKADDR_STORAGE 1
| /* end confdefs.h.  */
| #include "compat/headers_slim.h"
| 
| int
| main ()
| {
| if (sizeof ((struct sockaddr_in6)))
| 	    return 0;
|   ;
|   return 0;
| }
configure:7625: result: yes
configure:7636: checking whether AF_INET6 is declared
configure:7636: gcc -c  -O2   conftest.c >&5
configure:7636: $? = 0
configure:7636: result: yes
configure:7648: checking for IPv6 headers and structures
configure:7661: result: yes
configure:7667: checking for struct ipv6_mreq
configure:7667: gcc -c  -O2   conftest.c >&5
configure:7667: $? = 0
configure:7667: gcc -c  -O2   conftest.c >&5
conftest.c: In function 'main':
conftest.c:79:31: error: expected expression before ')' token
 if (sizeof ((struct ipv6_mreq)))
                               ^
configure:7667: $? = 1
configure: failed program was:
| /* confdefs.h */
| #define PACKAGE_NAME "IRIS"
| #define PACKAGE_TARNAME "iris"
| #define PACKAGE_VERSION "1.0.0"
| #define PACKAGE_STRING "IRIS 1.0.0"
| #define PACKAGE_BUGREPORT ""
| #define PACKAGE_URL ""
| #define PACKAGE "iris"
| #define VERSION "1.0.0"
| #define HAVE_PTHREAD 1
| #define HAVE_POSIX_THREAD 1
| #define _REENTRANT 1
| #define STDC_HEADERS 1
| #define HAVE_SYS_TYPES_H 1
| #define HAVE_SYS_STAT_H 1
| #define HAVE_STDLIB_H 1
| #define HAVE_STRING_H 1
| #define HAVE_MEMORY_H 1
| #define HAVE_STRINGS_H 1
| #define HAVE_INTTYPES_H 1
| #define HAVE_STDINT_H 1
| #define HAVE_UNISTD_H 1
| #define HAVE_ARPA_INET_H 1
| #define HAVE_LIBINTL_H 1
| #define HAVE_NETDB_H 1
| #define HAVE_NETINET_IN_H 1
| #define HAVE_STDLIB_H 1
| #define HAVE_STRING_H 1
| #define HAVE_STRINGS_H 1
| #define HAVE_SYS_SOCKET_H 1
| #define HAVE_SYS_TIME_H 1
| #define HAVE_SYSLOG_H 1
| #define HAVE_UNISTD_H 1
| #define HAVE_SSIZE_T 1
| #define TIME_WITH_SYS_TIME 1
| #define Socklen_t socklen_t
| #define HAVE_FORK 1
| #define HAVE_VFORK 1
| #define HAVE_WORKING_VFORK 1
| #define HAVE_WORKING_FORK 1
| #define HAVE_STDLIB_H 1
| #define HAVE_MALLOC 1
| #define HAVE_SYS_SELECT_H 1
| #define HAVE_SYS_SOCKET_H 1
| #define SELECT_TYPE_ARG1 int
| #define SELECT_TYPE_ARG234 (fd_set *)
| #define SELECT_TYPE_ARG5 (struct timeval *)
| #define RETSIGTYPE void
| #define HAVE_STRFTIME 1
| #define HAVE_VPRINTF 1
| #define HAVE_ATEXIT 1
| #define HAVE_GETTIMEOFDAY 1
| #define HAVE_MEMSET 1
| #define HAVE_SELECT 1
| #define HAVE_STRCHR 1
| #define HAVE_STRERROR 1
| #define HAVE_STRTOL 1
| #define HAVE_USLEEP 1
| #define HAVE_SNPRINTF 1
| #define HAVE_INET_PTON 1
| #define HAVE_INET_NTOP 1
| #define HAVE_GETTIMEOFDAY 1
| #define HAVE_QUAD_SUPPORT 1
| #define SIZEOF_BOOL 0
| #define bool int
| #define HAVE_STRUCT_IP_MREQ 1
| #define HAVE_DECL_IP_ADD_MEMBERSHIP 1
| #define HAVE_MULTICAST 1
| #define HAVE_STRUCT_SOCKADDR_STORAGE 1
| #define HAVE_STRUCT_SOCKADDR_IN6 1
| #define HAVE_DECL_AF_INET6 1
| #define HAVE_IPV6 1
| /* end confdefs.h.  */
| #include "compat/headers_slim.h"
| 
| int
| main ()
| {
| if (sizeof ((struct ipv6_mreq)))
| 	    return 0;
|   ;
|   return 0;
| }
configure:7667: result: yes
configure:7678: checking whether IPV6_ADD_MEMBERSHIP is declared
configure:7678: gcc -c  -O2   conftest.c >&5
configure:7678: $? = 0
configure:7678: result: yes
configure:7690: checking whether IPV6_MULTICAST_HOPS is declared
configure:7690: gcc -c  -O2   conftest.c >&5
configure:7690: $? = 0
configure:7690: result: yes
configure:7702: checking for IPv6 multicast support
configure:7715: result: yes
configure:7836: checking whether make is GNU make
configure:7843: result: yes
configure:7966: checking that generated files are newer than configure
configure:7972: result: done
configure:8000: creating ./config.status

## ---------------------- ##
## Running config.status. ##
## ---------------------- ##

This file was extended by IRIS config.status 1.0.0, which was
generated by GNU Autoconf 2.69.  Invocation command line was

  CONFIG_FILES    = 
  CONFIG_HEADERS  = 
  CONFIG_LINKS    = 
  CONFIG_COMMANDS = 
  $ ./config.status 

on rina-teste1

config.status:958: creating Makefile
config.status:958: creating compat/Makefile
config.status:958: creating doc/Makefile
config.status:958: creating include/Makefile
config.status:958: creating src/Makefile
config.status:958: creating man/Makefile
config.status:958: creating config.h
config.status:1139: config.h is unchanged
config.status:1187: executing depfiles commands
config.status:1187: executing include/iris-int.h commands
config.status:1288: creating include/iris-int.h : _IRIS_INCLUDE_IRIS_INT_H
config.status:1720: include/iris-int.h is unchanged

## ---------------- ##
## Cache variables. ##
## ---------------- ##

ac_cv_accept_arg=socklen_t
ac_cv_build=x86_64-unknown-linux-gnu
ac_cv_c_bigendian=no
ac_cv_c_compiler_gnu=yes
ac_cv_c_const=yes
ac_cv_cxx_compiler_gnu=yes
ac_cv_env_CCC_set=
ac_cv_env_CCC_value=
ac_cv_env_CC_set=
ac_cv_env_CC_value=
ac_cv_env_CFLAGS_set=
ac_cv_env_CFLAGS_value=
ac_cv_env_CPPFLAGS_set=
ac_cv_env_CPPFLAGS_value=
ac_cv_env_CPP_set=
ac_cv_env_CPP_value=
ac_cv_env_CXXFLAGS_set=
ac_cv_env_CXXFLAGS_value=
ac_cv_env_CXX_set=
ac_cv_env_CXX_value=
ac_cv_env_LDFLAGS_set=
ac_cv_env_LDFLAGS_value=
ac_cv_env_LIBS_set=
ac_cv_env_LIBS_value=
ac_cv_env_build_alias_set=
ac_cv_env_build_alias_value=
ac_cv_env_host_alias_set=
ac_cv_env_host_alias_value=
ac_cv_env_target_alias_set=
ac_cv_env_target_alias_value=
ac_cv_func__doprnt=no
ac_cv_func_atexit=yes
ac_cv_func_fork=yes
ac_cv_func_fork_works=yes
ac_cv_func_gethostbyname=yes
ac_cv_func_gettimeofday=yes
ac_cv_func_inet_ntop=yes
ac_cv_func_inet_pton=yes
ac_cv_func_malloc_0_nonnull=yes
ac_cv_func_memcmp_working=yes
ac_cv_func_memset=yes
ac_cv_func_pthread_cancel=no
ac_cv_func_select=yes
ac_cv_func_select_args='int,fd_set *,struct timeval *'
ac_cv_func_snprintf=yes
ac_cv_func_socket=yes
ac_cv_func_strchr=yes
ac_cv_func_strerror=yes
ac_cv_func_strftime=yes
ac_cv_func_strtol=yes
ac_cv_func_usleep=yes
ac_cv_func_vfork=yes
ac_cv_func_vfork_works=yes
ac_cv_func_vprintf=yes
ac_cv_have_decl_AF_INET6=yes
ac_cv_have_decl_IPV6_ADD_MEMBERSHIP=yes
ac_cv_have_decl_IPV6_MULTICAST_HOPS=yes
ac_cv_have_decl_IP_ADD_MEMBERSHIP=yes
ac_cv_have_ipv6=yes
ac_cv_have_ipv6_multicast=yes
ac_cv_have_true=yes
ac_cv_header_arpa_inet_h=yes
ac_cv_header_inttypes_h=yes
ac_cv_header_libintl_h=yes
ac_cv_header_memory_h=yes
ac_cv_header_netdb_h=yes
ac_cv_header_netinet_in_h=yes
ac_cv_header_stdc=yes
ac_cv_header_stdint=stdint.h
ac_cv_header_stdint_h=yes
ac_cv_header_stdint_t=stdint.h
ac_cv_header_stdlib_h=yes
ac_cv_header_string_h=yes
ac_cv_header_strings_h=yes
ac_cv_header_sys_select_h=yes
ac_cv_header_sys_socket_h=yes
ac_cv_header_sys_stat_h=yes
ac_cv_header_sys_time_h=yes
ac_cv_header_sys_types_h=yes
ac_cv_header_syslog_h=yes
ac_cv_header_time=yes
ac_cv_header_unistd_h=yes
ac_cv_header_vfork_h=no
ac_cv_host=x86_64-unknown-linux-gnu
ac_cv_multicast=yes
ac_cv_objext=o
ac_cv_path_EGREP='/bin/grep -E'
ac_cv_path_GREP=/bin/grep
ac_cv_path_install='/usr/bin/install -c'
ac_cv_path_mkdir=/bin/mkdir
ac_cv_prog_AWK=mawk
ac_cv_prog_CPP='gcc -E'
ac_cv_prog_PTHREAD_CC=gcc
ac_cv_prog_ac_ct_CC=gcc
ac_cv_prog_ac_ct_CXX=g++
ac_cv_prog_ac_ct_RANLIB=ranlib
ac_cv_prog_cc_c89=
ac_cv_prog_cc_g=yes
ac_cv_prog_cxx_g=yes
ac_cv_prog_make_make_set=yes
ac_cv_search_strerror='none required'
ac_cv_sizeof_bool=0
ac_cv_stdint_message='using gnu compiler gcc (Debian 4.9.2-10) 4.9.2'
ac_cv_stdint_result='(assuming C99 compatible system)'
ac_cv_struct_tm=time.h
ac_cv_type_pid_t=yes
ac_cv_type_signal=void
ac_cv_type_size_t=yes
ac_cv_type_ssize_t=yes
ac_cv_type_struct_ip_mreq=yes
ac_cv_type_struct_ipv6_mreq=yes
ac_cv_type_struct_sockaddr_in6=yes
ac_cv_type_struct_sockaddr_storage=yes
am_cv_CC_dependencies_compiler_type=gcc3
am_cv_CXX_dependencies_compiler_type=gcc3
am_cv_make_support_nested_variables=yes
am_cv_prog_cc_c_o=yes

## ----------------- ##
## Output variables. ##
## ----------------- ##

ACLOCAL='aclocal-1.14'
AMDEPBACKSLASH='\'
AMDEP_FALSE='#'
AMDEP_TRUE=''
AMTAR='$${TAR-tar}'
AM_BACKSLASH='\'
AM_DEFAULT_V='$(AM_DEFAULT_VERBOSITY)'
AM_DEFAULT_VERBOSITY='1'
AM_V='$(V)'
AUTOCONF='autoconf'
AUTOHEADER='autoheader'
AUTOMAKE='automake-1.14'
AWK='mawk'
CC='gcc'
CCDEPMODE='depmode=gcc3'
CFLAGS=' -O2 '
CPP='gcc -E'
CPPFLAGS=''
CXX='g++'
CXXDEPMODE='depmode=gcc3'
CXXFLAGS=' -O2 '
CYGPATH_W='echo'
DEFS='-DHAVE_CONFIG_H'
DEPDIR='.deps'
ECHO_C=''
ECHO_N='-n'
ECHO_T=''
EGREP='/bin/grep -E'
EXEEXT=''
GREP='/bin/grep'
INSTALL_DATA='${INSTALL} -m 644'
INSTALL_PROGRAM='${INSTALL}'
INSTALL_SCRIPT='${INSTALL}'
INSTALL_STRIP_PROGRAM='$(install_sh) -c -s'
LDFLAGS=''
LIBOBJS=''
LIBS=''
LTLIBOBJS=''
MAKEINFO='makeinfo'
MKDIR_P='/bin/mkdir -p'
OBJEXT='o'
PACKAGE='iris'
PACKAGE_BUGREPORT=''
PACKAGE_NAME='IRIS'
PACKAGE_STRING='IRIS 1.0.0'
PACKAGE_TARNAME='iris'
PACKAGE_URL=''
PACKAGE_VERSION='1.0.0'
PATH_SEPARATOR=':'
PTHREAD_CC='gcc'
PTHREAD_CFLAGS='-pthread'
PTHREAD_LIBS=''
RANLIB='ranlib'
SET_MAKE=''
SHELL='/bin/bash'
STRIP=''
STRIP_BEGIN='$(strip $(STRIP_DUMMY)'
STRIP_DUMMY=''
STRIP_END=')'
VERSION='1.0.0'
WEB100_CFLAGS=''
WEB100_CONFIG=''
WEB100_LIBS=''
ac_ct_CC='gcc'
ac_ct_CXX='g++'
acx_pthread_config=''
am__EXEEXT_FALSE=''
am__EXEEXT_TRUE='#'
am__fastdepCC_FALSE='#'
am__fastdepCC_TRUE=''
am__fastdepCXX_FALSE='#'
am__fastdepCXX_TRUE=''
am__include='include'
am__isrc=''
am__leading_dot='.'
am__nodep='_no'
am__quote=''
am__tar='$${TAR-tar} chof - "$$tardir"'
am__untar='$${TAR-tar} xf -'
bindir='${exec_prefix}/bin'
build='x86_64-unknown-linux-gnu'
build_alias=''
build_cpu='x86_64'
build_os='linux-gnu'
build_vendor='unknown'
datadir='${datarootdir}'
datarootdir='${prefix}/share'
docdir='${datarootdir}/doc/${PACKAGE_TARNAME}'
dvidir='${docdir}'
exec_prefix='${prefix}'
host='x86_64-unknown-linux-gnu'
host_alias=''
host_cpu='x86_64'
host_os='linux-gnu'
host_vendor='unknown'
htmldir='${docdir}'
includedir='${prefix}/include'
infodir='${datarootdir}/info'
install_sh='${SHELL} /home/leonidas/work/iris/install-sh'
libdir='${exec_prefix}/lib'
libexecdir='${exec_prefix}/libexec'
localedir='${datarootdir}/locale'
localstatedir='${prefix}/var'
mandir='${datarootdir}/man'
mkdir_p='$(MKDIR_P)'
oldincludedir='/usr/include'
pdfdir='${docdir}'
prefix='/usr/local'
program_transform_name='s,x,x,'
psdir='${docdir}'
sbindir='${exec_prefix}/sbin'
sharedstatedir='${prefix}/com'
sysconfdir='${prefix}/etc'
target_alias=''

## ----------- ##
## confdefs.h. ##
## ----------- ##

/* confdefs.h */
#define PACKAGE_NAME "IRIS"
#define PACKAGE_TARNAME "iris"
#define PACKAGE_VERSION "1.0.0"
#define PACKAGE_STRING "IRIS 1.0.0"
#define PACKAGE_BUGREPORT ""
#define PACKAGE_URL ""
#define PACKAGE "iris"
#define VERSION "1.0.0"
#define HAVE_PTHREAD 1
#define HAVE_POSIX_THREAD 1
#define _REENTRANT 1
#define STDC_HEADERS 1
#define HAVE_SYS_TYPES_H 1
#define HAVE_SYS_STAT_H 1
#define HAVE_STDLIB_H 1
#define HAVE_STRING_H 1
#define HAVE_MEMORY_H 1
#define HAVE_STRINGS_H 1
#define HAVE_INTTYPES_H 1
#define HAVE_STDINT_H 1
#define HAVE_UNISTD_H 1
#define HAVE_ARPA_INET_H 1
#define HAVE_LIBINTL_H 1
#define HAVE_NETDB_H 1
#define HAVE_NETINET_IN_H 1
#define HAVE_STDLIB_H 1
#define HAVE_STRING_H 1
#define HAVE_STRINGS_H 1
#define HAVE_SYS_SOCKET_H 1
#define HAVE_SYS_TIME_H 1
#define HAVE_SYSLOG_H 1
#define HAVE_UNISTD_H 1
#define HAVE_SSIZE_T 1
#define TIME_WITH_SYS_TIME 1
#define Socklen_t socklen_t
#define HAVE_FORK 1
#define HAVE_VFORK 1
#define HAVE_WORKING_VFORK 1
#define HAVE_WORKING_FORK 1
#define HAVE_STDLIB_H 1
#define HAVE_MALLOC 1
#define HAVE_SYS_SELECT_H 1
#define HAVE_SYS_SOCKET_H 1
#define SELECT_TYPE_ARG1 int
#define SELECT_TYPE_ARG234 (fd_set *)
#define SELECT_TYPE_ARG5 (struct timeval *)
#define RETSIGTYPE void
#define HAVE_STRFTIME 1
#define HAVE_VPRINTF 1
#define HAVE_ATEXIT 1
#define HAVE_GETTIMEOFDAY 1
#define HAVE_MEMSET 1
#define HAVE_SELECT 1
#define HAVE_STRCHR 1
#define HAVE_STRERROR 1
#define HAVE_STRTOL 1
#define HAVE_USLEEP 1
#define HAVE_SNPRINTF 1
#define HAVE_INET_PTON 1
#define HAVE_INET_NTOP 1
#define HAVE_GETTIMEOFDAY 1
#define HAVE_QUAD_SUPPORT 1
#define SIZEOF_BOOL 0
#define bool int
#define HAVE_STRUCT_IP_MREQ 1
#define HAVE_DECL_IP_ADD_MEMBERSHIP 1
#define HAVE_MULTICAST 1
#define HAVE_STRUCT_SOCKADDR_STORAGE 1
#define HAVE_STRUCT_SOCKADDR_IN6 1
#define HAVE_DECL_AF_INET6 1
#define HAVE_IPV6 1
#define HAVE_STRUCT_IPV6_MREQ 1
#define HAVE_DECL_IPV6_ADD_MEMBERSHIP 1
#define HAVE_DECL_IPV6_MULTICAST_HOPS 1
#define HAVE_IPV6_MULTICAST 1

configure: exit 0
